These are the bound constrained problem that were used in the numerical 
experiments of the article:

E. G. Birgin, J. M. Martínez and M. Raydan, 
"Nonmonotone spectral projected gradient methods on convex sets", 
SIAM Journal on Optimization 10, pp. 1196-1211, 2000.

They were solved again on March 17th, 2008 with the SPG method (using
M = 100 for the nonmonotone line search, eps = 1.0d-06 as tolerance
for the sup-norm of the projected gradient and maxit = 50,000).

The number of variables of each problem is the default one given by the
up-to-date version of CUTEr (CUTEr: Mon Jan  8 15:36:20 EST 2007) and
they are not equal to the ones in the paper above.

The unique problem from the paper that is not present here is HARKERP2,
because we did not find a value of CUTEr parameter IWK that allows us
to handle it.

===============================================================================
 Problem       n    iter    fcnt         f         gpsupn      SC  Time (secs.) 
===============================================================================
   BDEXP    5000      15      16   3.08289524D-04 9.4D-07       0    0.11
  EXPLIN    1200     787     803  -7.19250129D+07 4.5D-07       0    0.10
 EXPLIN2    1200     463     480  -7.19988337D+07 4.6D-07       0    0.06
 EXPQUAD    1200    4140    5055  -3.68494055D+09 4.3D-07       0    0.60
MCCORMCK    5000      17      18  -4.56658055D+03 6.1D-07       0    0.15
PROBPENL     500       2       6   3.99198393D-07 1.0D-07       0    0.01
 QRTQUAD    5000   50000  244663  -2.62588259D+11 1.9D+05       1   38.67
    S368       8       8      10  -1.00000000D+00 2.7D-07       0    0.00
HADAMALS     400     462     588   7.16546110D+03 8.5D-07       0    0.16
CHEBYQAD     100   24195   29254   9.46974634D-03 1.0D-06       0  121.64
   HS110      10       7       9  -4.57784755D+01 1.6D-07       0    0.00
LINVERSE    1999    7981    9356   6.81000000D+02 1.0D-06       0    5.48
NONSCOMP    5000      46      47   1.11602424D-12 3.8D-07       0    0.12
  QR3DLS     610   50000   72851   8.07575338D-06 7.6D-06       1   25.57
SCOND1LS    5002   50000   62377   9.74230251D+00 9.7D-03       1  108.67
 DECONVB      61    4440    4817   1.27974471D-08 1.0D-06       0    0.28
 BIGGSB1    5000   19688   23091   1.60018657D-02 1.0D-06       0    8.67
BQPGABIM      50      37      50  -3.79034323D-05 3.1D-07       0    0.00
BQPGASIM      50      40      53  -5.51981402D-05 9.5D-07       0    0.00
BQPGAUSS    2003   50000   61749  -3.62540671D-01 3.9D-03       1   21.03
CHENHARK    5000   15213   18220  -1.99998251D+00 9.8D-07       0    7.86
 CVXBQP1   10000       1       2   2.25022500D+06 2.8D-17       0    0.15
JNLBRNG1   10000    1281    1344  -1.80573195D-01 8.5D-07       0    4.78
JNLBRNG2   10000    1117    1162  -4.14865279D+00 8.3D-07       0    4.20
JNLBRNGA   10000     958    1018  -2.71101666D-01 8.3D-07       0    3.27
JNLBRNGB   10000   13304   15689  -6.30068672D+00 8.9D-07       0   41.71
NCVXBQP1   10000       1       2  -1.98554385D+10 2.8D-17       0    0.15
NCVXBQP2   10000      72      73  -1.33402261D+10 9.1D-07       0    0.22
NCVXBQP3   10000     125     126  -6.55826637D+09 1.4D-07       0    0.25
NOBNDTOR    5476     365     386  -4.49933170D-01 9.4D-07       0    0.73
OBSTCLAE   10000     512     523   1.88646121D+00 9.2D-07       0    1.83
OBSTCLAL   10000     311     318   1.88646121D+00 6.4D-07       0    1.21
OBSTCLBL   10000     331     337   7.27215590D+00 6.9D-07       0    1.31
OBSTCLBM   10000     239     244   7.27215591D+00 6.8D-07       0    0.98
OBSTCLBU   10000     315     320   7.27215591D+00 6.1D-07       0    1.23
  PENTDI    5000       1       3  -7.50000000D-01 0.0D+00       0    0.09
TORSION1    5476     442     462  -4.30275769D-01 9.2D-07       0    0.88
TORSION2    5476     415     430  -4.30275798D-01 2.7D-07       0    0.84
TORSION3    5476     128     139  -1.21695608D+00 7.3D-07       0    0.37
TORSION4    5476     151     156  -1.21695608D+00 9.7D-07       0    0.40
TORSION5    5476      67      74  -2.86337797D+00 1.1D-07       0    0.28
TORSION6    5476      59      63  -2.86337797D+00 8.2D-07       0    0.25
TORSIONA    5476     480     502  -4.18296119D-01 9.3D-07       0    1.08
TORSIONB    5476     378     388  -4.18296121D-01 9.2D-07       0    0.88
TORSIONC    5476     153     164  -1.20420894D+00 8.4D-07       0    0.46
TORSIOND    5476     137     142  -1.20420895D+00 9.5D-07       0    0.42
TORSIONE    5476      54      61  -2.85024786D+00 8.7D-07       0    0.27
TORSIONF    5476      60      64  -2.85024786D+00 7.6D-07       0    0.27
 ODNAMUR   11130   50000   58358   9.26480840D+03 4.0D+00       1   83.46
ALLINITC NO INFORMATION AT ALL
 ALLINIT       4      22      25   1.67059684D+01 7.2D-07       0    0.00
  EXPLIN    1200     787     803  -7.19250129D+07 4.5D-07       0    0.05
 EXPLIN2 NO INFORMATION AT ALL
 EXPLIN2 NO INFORMATION AT ALL
 EXPLIN2 NO INFORMATION AT ALL
 EXPLIN2 1200  180  243  -7.199883e+07  7.651238e-09  0
 EXPLIN2    1200     463     480  -7.19988337D+07 4.6D-07       0    0.03
